<?xml version="1.0" encoding="UTF-8"?>
<testsuite name="io.github.mesteriis.rune.runtime.llama.NativeHandleLifecycleTest" tests="8" skipped="0" failures="0" errors="0" timestamp="2026-09-06T15:25:49.253Z" hostname="Mac.dlink" time="0.01">
  <properties/>
  <testcase name="callsAfterCloseNeverReachNativeHandle" classname="io.github.mesteriis.rune.runtime.llama.NativeHandleLifecycleTest" time="0.0"/>
  <testcase name="admittedNativeCallCompletesBeforeDestroy" classname="io.github.mesteriis.rune.runtime.llama.NativeHandleLifecycleTest" time="0.001"/>
  <testcase name="cancelAfterAdmissionBeforeExecutorStartSkipsNativeOperation" classname="io.github.mesteriis.rune.runtime.llama.NativeHandleLifecycleTest" time="0.001"/>
  <testcase name="requestCancelledBeforeAdmissionCannotBeResetIntoNativeWork" classname="io.github.mesteriis.rune.runtime.llama.NativeHandleLifecycleTest" time="0.001"/>
  <testcase name="closeWaitsForInFlightCancelBeforeDestroy" classname="io.github.mesteriis.rune.runtime.llama.NativeHandleLifecycleTest" time="0.003"/>
  <testcase name="cancellationAfterRequestAdmissionReachesNativeWithoutWaitingForWork" classname="io.github.mesteriis.rune.runtime.llama.NativeHandleLifecycleTest" time="0.001"/>
  <testcase name="cancelBetweenLoadAndSelfTestRemainsStickyUntilNextLoad" classname="io.github.mesteriis.rune.runtime.llama.NativeHandleLifecycleTest" time="0.001"/>
  <testcase name="requestCancelledDuringNativeResetIsCheckedAfterResetBeforeNativeWork" classname="io.github.mesteriis.rune.runtime.llama.NativeHandleLifecycleTest" time="0.001"/>
  <system-out><![CDATA[]]></system-out>
  <system-err><![CDATA[]]></system-err>
</testsuite>
