<?xml version="1.0" encoding="UTF-8"?>
<testsuite name="io.github.mesteriis.rune.keyboard.intelligence.delivery.DeliveryStateCodecTest" tests="5" skipped="0" failures="0" errors="0" timestamp="2026-09-06T15:25:52.699Z" hostname="Mac.dlink" time="0.001">
  <properties/>
  <testcase name="rejectsUnknownSchemaAndMalformedState" classname="io.github.mesteriis.rune.keyboard.intelligence.delivery.DeliveryStateCodecTest" time="0.001"/>
  <testcase name="readsPreRuntimeSchemaV1AsHavingNoActivationPhase" classname="io.github.mesteriis.rune.keyboard.intelligence.delivery.DeliveryStateCodecTest" time="0.0"/>
  <testcase name="roundTripsSchemaV3WithoutKeyboardPreferences" classname="io.github.mesteriis.rune.keyboard.intelligence.delivery.DeliveryStateCodecTest" time="0.0"/>
  <testcase name="readsPhaseOnlySchemaV2WithoutGuessingActivationDirectory" classname="io.github.mesteriis.rune.keyboard.intelligence.delivery.DeliveryStateCodecTest" time="0.0"/>
  <testcase name="onlyDurableCommitPhasesRequestJobRetry" classname="io.github.mesteriis.rune.keyboard.intelligence.delivery.DeliveryStateCodecTest" time="0.0"/>
  <system-out><![CDATA[]]></system-out>
  <system-err><![CDATA[]]></system-err>
</testsuite>
