<?xml version="1.0" encoding="UTF-8"?>
<testsuite name="io.github.mesteriis.rune.keyboard.intelligence.runtime.ActiveModelPointerCodecTest" tests="2" skipped="0" failures="0" errors="0" timestamp="2026-09-06T15:25:53.958Z" hostname="Mac.dlink" time="0.001">
  <properties/>
  <testcase name="roundTripsSchemaV1" classname="io.github.mesteriis.rune.keyboard.intelligence.runtime.ActiveModelPointerCodecTest" time="0.0"/>
  <testcase name="rejectsTraversalAndUnknownSchema" classname="io.github.mesteriis.rune.keyboard.intelligence.runtime.ActiveModelPointerCodecTest" time="0.0"/>
  <system-out><![CDATA[]]></system-out>
  <system-err><![CDATA[]]></system-err>
</testsuite>
