<?xml version="1.0" encoding="UTF-8"?>
<testsuite name="io.github.mesteriis.rune.keyboard.smarttyping.punctuation.ContextualPunctuationEngineTest" tests="3" skipped="0" failures="0" errors="0" timestamp="2026-09-06T15:25:54.763Z" hostname="Mac.dlink" time="0.0">
  <properties/>
  <testcase name="only the initial code point may change in sentence variants" classname="io.github.mesteriis.rune.keyboard.smarttyping.punctuation.ContextualPunctuationEngineTest" time="0.0"/>
  <testcase name="technical mixed and unknown boundaries are conservatively excluded" classname="io.github.mesteriis.rune.keyboard.smarttyping.punctuation.ContextualPunctuationEngineTest" time="0.0"/>
  <testcase name="ordinary context produces exact bounded variants and sentence capitalization" classname="io.github.mesteriis.rune.keyboard.smarttyping.punctuation.ContextualPunctuationEngineTest" time="0.0"/>
  <system-out><![CDATA[]]></system-out>
  <system-err><![CDATA[]]></system-err>
</testsuite>
