<?xml version="1.0" encoding="UTF-8"?>
<testsuite name="io.github.mesteriis.rune.keyboard.smarttyping.telemetry.SmartTypingTraceTest" tests="2" skipped="0" failures="0" errors="0" timestamp="2026-09-06T15:25:55.652Z" hostname="Mac.dlink" time="0.0">
  <properties/>
  <testcase name="section balances trace sink after failure" classname="io.github.mesteriis.rune.keyboard.smarttyping.telemetry.SmartTypingTraceTest" time="0.0"/>
  <testcase name="trace vocabulary is the complete fixed release set" classname="io.github.mesteriis.rune.keyboard.smarttyping.telemetry.SmartTypingTraceTest" time="0.0"/>
  <system-out><![CDATA[]]></system-out>
  <system-err><![CDATA[]]></system-err>
</testsuite>
