<?xml version="1.0" encoding="UTF-8"?>
<testsuite name="io.github.mesteriis.rune.keyboard.intelligence.delivery.ModelFileExporterTest" tests="2" skipped="0" failures="0" errors="0" timestamp="2026-09-06T15:25:52.706Z" hostname="Mac.dlink" time="0.002">
  <properties/>
  <testcase name="invokesPartialCleanupWhenDestinationFails" classname="io.github.mesteriis.rune.keyboard.intelligence.delivery.ModelFileExporterTest" time="0.001"/>
  <testcase name="copiesCompleteModel" classname="io.github.mesteriis.rune.keyboard.intelligence.delivery.ModelFileExporterTest" time="0.001"/>
  <system-out><![CDATA[]]></system-out>
  <system-err><![CDATA[]]></system-err>
</testsuite>
