<?xml version="1.0" encoding="UTF-8"?>
<testsuite name="io.github.mesteriis.rune.keyboard.settings.KeyboardMetricsTest" tests="4" skipped="0" failures="0" errors="0" timestamp="2026-09-06T15:25:53.967Z" hostname="Mac.dlink" time="0.0">
  <properties/>
  <testcase name="sizes must stay positive" classname="io.github.mesteriis.rune.keyboard.settings.KeyboardMetricsTest" time="0.0"/>
  <testcase name="a height never collapses to zero" classname="io.github.mesteriis.rune.keyboard.settings.KeyboardMetricsTest" time="0.0"/>
  <testcase name="scaling rounds instead of truncating" classname="io.github.mesteriis.rune.keyboard.settings.KeyboardMetricsTest" time="0.0"/>
  <testcase name="presets scale the base height" classname="io.github.mesteriis.rune.keyboard.settings.KeyboardMetricsTest" time="0.0"/>
  <system-out><![CDATA[]]></system-out>
  <system-err><![CDATA[]]></system-err>
</testsuite>
