<?xml version="1.0" encoding="UTF-8"?>
<testsuite name="io.github.mesteriis.rune.keyboard.intelligence.runtime.ModelActivationTransactionTest" tests="8" skipped="0" failures="0" errors="0" timestamp="2026-09-06T15:25:53.959Z" hostname="Mac.dlink" time="0.006">
  <properties/>
  <testcase name="clearCommitsEmptyPointerBeforeRemovingVersions" classname="io.github.mesteriis.rune.keyboard.intelligence.runtime.ModelActivationTransactionTest" time="0.001"/>
  <testcase name="failedPointerClearKeepsVersionsRecoverable" classname="io.github.mesteriis.rune.keyboard.intelligence.runtime.ModelActivationTransactionTest" time="0.001"/>
  <testcase name="atomicallyMovesCandidateThenCommitsPointerAndDeletesOldRollback" classname="io.github.mesteriis.rune.keyboard.intelligence.runtime.ModelActivationTransactionTest" time="0.001"/>
  <testcase name="recoversAfterCandidateMoveBeforePointerCommit" classname="io.github.mesteriis.rune.keyboard.intelligence.runtime.ModelActivationTransactionTest" time="0.001"/>
  <testcase name="ambiguousCandidateAndVersionFailsWithoutChangingPointer" classname="io.github.mesteriis.rune.keyboard.intelligence.runtime.ModelActivationTransactionTest" time="0.0"/>
  <testcase name="reentryAfterPointerCommitKeepsRollbackAndCleansOldVersion" classname="io.github.mesteriis.rune.keyboard.intelligence.runtime.ModelActivationTransactionTest" time="0.001"/>
  <testcase name="sameActiveDuplicateCandidateIsDiscardedWithoutRotatingRollback" classname="io.github.mesteriis.rune.keyboard.intelligence.runtime.ModelActivationTransactionTest" time="0.001"/>
  <testcase name="rollbackCommitsKnownGoodPointerBeforeDeletingFailedActive" classname="io.github.mesteriis.rune.keyboard.intelligence.runtime.ModelActivationTransactionTest" time="0.0"/>
  <system-out><![CDATA[]]></system-out>
  <system-err><![CDATA[]]></system-err>
</testsuite>
