<?xml version="1.0" encoding="UTF-8"?>
<testsuite name="io.github.mesteriis.rune.keyboard.intelligence.inference.ModelDutyTraceTest" tests="9" skipped="0" failures="0" errors="0" timestamp="2026-09-06T15:25:52.837Z" hostname="Mac.dlink" time="0.014">
  <properties/>
  <testcase name="fixedTypingPressureAndRecoveryTrace[EN-2]" classname="io.github.mesteriis.rune.keyboard.intelligence.inference.ModelDutyTraceTest" time="0.008"/>
  <testcase name="fixedTypingPressureAndRecoveryTrace[EN-4]" classname="io.github.mesteriis.rune.keyboard.intelligence.inference.ModelDutyTraceTest" time="0.001"/>
  <testcase name="fixedTypingPressureAndRecoveryTrace[EN-8]" classname="io.github.mesteriis.rune.keyboard.intelligence.inference.ModelDutyTraceTest" time="0.001"/>
  <testcase name="fixedTypingPressureAndRecoveryTrace[RU-2]" classname="io.github.mesteriis.rune.keyboard.intelligence.inference.ModelDutyTraceTest" time="0.0"/>
  <testcase name="fixedTypingPressureAndRecoveryTrace[RU-4]" classname="io.github.mesteriis.rune.keyboard.intelligence.inference.ModelDutyTraceTest" time="0.001"/>
  <testcase name="fixedTypingPressureAndRecoveryTrace[RU-8]" classname="io.github.mesteriis.rune.keyboard.intelligence.inference.ModelDutyTraceTest" time="0.001"/>
  <testcase name="fixedTypingPressureAndRecoveryTrace[ES-2]" classname="io.github.mesteriis.rune.keyboard.intelligence.inference.ModelDutyTraceTest" time="0.0"/>
  <testcase name="fixedTypingPressureAndRecoveryTrace[ES-4]" classname="io.github.mesteriis.rune.keyboard.intelligence.inference.ModelDutyTraceTest" time="0.001"/>
  <testcase name="fixedTypingPressureAndRecoveryTrace[ES-8]" classname="io.github.mesteriis.rune.keyboard.intelligence.inference.ModelDutyTraceTest" time="0.001"/>
  <system-out><![CDATA[DUTY_TRACE_V1 {"language":"EN","candidates":2,"submitted":11,"admitted":6,"denied":4,"expired":1,"cancelled":3,"completed":2,"failed":1,"replacedPending":1,"usableBefore1000msBoundary":1,"boundaryProbes":1,"simulatedCpuMillis":11079,"simulatedWallMillis":276024,"finalCreditUnits":-7450,"simulatedExhaustionTailCpuMillis":100,"simulatedExhaustionTailWallMillis":25}
DUTY_TRACE_V1 {"language":"EN","candidates":4,"submitted":11,"admitted":6,"denied":4,"expired":1,"cancelled":3,"completed":2,"failed":1,"replacedPending":1,"usableBefore1000msBoundary":1,"boundaryProbes":1,"simulatedCpuMillis":12687,"simulatedWallMillis":276448,"finalCreditUnits":-7450,"simulatedExhaustionTailCpuMillis":100,"simulatedExhaustionTailWallMillis":25}
DUTY_TRACE_V1 {"language":"EN","candidates":8,"submitted":11,"admitted":6,"denied":4,"expired":1,"cancelled":3,"completed":2,"failed":1,"replacedPending":1,"usableBefore1000msBoundary":0,"boundaryProbes":1,"simulatedCpuMillis":16623,"simulatedWallMillis":277518,"finalCreditUnits":-7450,"simulatedExhaustionTailCpuMillis":100,"simulatedExhaustionTailWallMillis":25}
DUTY_TRACE_V1 {"language":"RU","candidates":2,"submitted":11,"admitted":6,"denied":4,"expired":1,"cancelled":3,"completed":2,"failed":1,"replacedPending":1,"usableBefore1000msBoundary":1,"boundaryProbes":1,"simulatedCpuMillis":13631,"simulatedWallMillis":276710,"finalCreditUnits":-7450,"simulatedExhaustionTailCpuMillis":100,"simulatedExhaustionTailWallMillis":25}
DUTY_TRACE_V1 {"language":"RU","candidates":4,"submitted":11,"admitted":6,"denied":4,"expired":1,"cancelled":3,"completed":2,"failed":1,"replacedPending":1,"usableBefore1000msBoundary":0,"boundaryProbes":1,"simulatedCpuMillis":17229,"simulatedWallMillis":277662,"finalCreditUnits":-7450,"simulatedExhaustionTailCpuMillis":100,"simulatedExhaustionTailWallMillis":25}
DUTY_TRACE_V1 {"language":"RU","candidates":8,"submitted":11,"admitted":6,"denied":4,"expired":1,"cancelled":3,"completed":2,"failed":1,"replacedPending":1,"usableBefore1000msBoundary":0,"boundaryProbes":1,"simulatedCpuMillis":24667,"simulatedWallMillis":279636,"finalCreditUnits":-7450,"simulatedExhaustionTailCpuMillis":100,"simulatedExhaustionTailWallMillis":25}
DUTY_TRACE_V1 {"language":"ES","candidates":2,"submitted":11,"admitted":6,"denied":4,"expired":1,"cancelled":3,"completed":2,"failed":1,"replacedPending":1,"usableBefore1000msBoundary":1,"boundaryProbes":1,"simulatedCpuMillis":11899,"simulatedWallMillis":276248,"finalCreditUnits":-7450,"simulatedExhaustionTailCpuMillis":100,"simulatedExhaustionTailWallMillis":25}
DUTY_TRACE_V1 {"language":"ES","candidates":4,"submitted":11,"admitted":6,"denied":4,"expired":1,"cancelled":3,"completed":2,"failed":1,"replacedPending":1,"usableBefore1000msBoundary":1,"boundaryProbes":1,"simulatedCpuMillis":14759,"simulatedWallMillis":277044,"finalCreditUnits":-7450,"simulatedExhaustionTailCpuMillis":100,"simulatedExhaustionTailWallMillis":25}
DUTY_TRACE_V1 {"language":"ES","candidates":8,"submitted":11,"admitted":6,"denied":4,"expired":1,"cancelled":3,"completed":2,"failed":1,"replacedPending":1,"usableBefore1000msBoundary":0,"boundaryProbes":1,"simulatedCpuMillis":19881,"simulatedWallMillis":278374,"finalCreditUnits":-7450,"simulatedExhaustionTailCpuMillis":100,"simulatedExhaustionTailWallMillis":25}
]]></system-out>
  <system-err><![CDATA[]]></system-err>
</testsuite>
