<?xml version="1.0" encoding="UTF-8"?>
<testsuite name="io.github.mesteriis.rune.keyboard.intelligence.delivery.ModelFilesCleanerTest" tests="3" skipped="0" failures="0" errors="0" timestamp="2026-09-06T15:25:52.708Z" hostname="Mac.dlink" time="0.004">
  <properties/>
  <testcase name="failedVersionCleanupKeepsTombstoneAfterPointerIsCleared" classname="io.github.mesteriis.rune.keyboard.intelligence.delivery.ModelFilesCleanerTest" time="0.001"/>
  <testcase name="failedTemporaryCleanupDoesNotProceedToInstalledVersions" classname="io.github.mesteriis.rune.keyboard.intelligence.delivery.ModelFilesCleanerTest" time="0.001"/>
  <testcase name="tombstonePrecedesFilesAndIdleFollowsCompleteCleanup" classname="io.github.mesteriis.rune.keyboard.intelligence.delivery.ModelFilesCleanerTest" time="0.002"/>
  <system-out><![CDATA[]]></system-out>
  <system-err><![CDATA[]]></system-err>
</testsuite>
