<?xml version="1.0" encoding="UTF-8"?>
<testsuite name="io.github.mesteriis.rune.keyboard.intelligence.delivery.CandidateInstallerTest" tests="2" skipped="0" failures="0" errors="0" timestamp="2026-09-06T15:25:52.682Z" hostname="Mac.dlink" time="0.014">
  <properties/>
  <testcase name="hashMismatchRemovesPrivatePartialAndPreservesExistingCandidate" classname="io.github.mesteriis.rune.keyboard.intelligence.delivery.CandidateInstallerTest" time="0.009"/>
  <testcase name="publishesVerifiedCandidateWithoutTouchingActivePointer" classname="io.github.mesteriis.rune.keyboard.intelligence.delivery.CandidateInstallerTest" time="0.004"/>
  <system-out><![CDATA[]]></system-out>
  <system-err><![CDATA[]]></system-err>
</testsuite>
