<?xml version="1.0" encoding="UTF-8"?>
<testsuite name="io.github.mesteriis.rune.keyboard.ime.layout.MechanicalPunctuationAccessTest" tests="1" skipped="0" failures="0" errors="0" timestamp="2026-09-06T15:25:52.668Z" hostname="Mac.dlink" time="0.001">
  <properties/>
  <testcase name="comma exposes mechanical punctuation without changing letters layer geometry or action" classname="io.github.mesteriis.rune.keyboard.ime.layout.MechanicalPunctuationAccessTest" time="0.0"/>
  <system-out><![CDATA[]]></system-out>
  <system-err><![CDATA[]]></system-err>
</testsuite>
