<?xml version="1.0" encoding="UTF-8"?>
<testsuite name="io.github.mesteriis.rune.keyboard.intelligence.runtime.ActivationRotationTest" tests="3" skipped="0" failures="0" errors="0" timestamp="2026-09-06T15:25:53.958Z" hostname="Mac.dlink" time="0.0">
  <properties/>
  <testcase name="newCandidateKeepsExactlyPreviousActiveAsRollback" classname="io.github.mesteriis.rune.keyboard.intelligence.runtime.ActivationRotationTest" time="0.0"/>
  <testcase name="firstActivationHasNoRollback" classname="io.github.mesteriis.rune.keyboard.intelligence.runtime.ActivationRotationTest" time="0.0"/>
  <testcase name="rollbackPromotesOnlyKnownGoodSlotAndDeletesFailedActiveAfterCommit" classname="io.github.mesteriis.rune.keyboard.intelligence.runtime.ActivationRotationTest" time="0.0"/>
  <system-out><![CDATA[]]></system-out>
  <system-err><![CDATA[]]></system-err>
</testsuite>
