<?xml version="1.0" encoding="UTF-8"?>
<testsuite name="io.github.mesteriis.rune.keyboard.smarttyping.diagnostics.DiagnosticsRecorderTest" tests="16" skipped="0" failures="0" errors="0" timestamp="2026-09-06T15:25:54.118Z" hostname="Mac.dlink" time="0.137">
  <properties/>
  <testcase name="countCapacityAndRecordCapacityAreEnforcedIndependently" classname="io.github.mesteriis.rune.keyboard.smarttyping.diagnostics.DiagnosticsRecorderTest" time="0.007"/>
  <testcase name="textNeedsConsentAndFreshEligibleSessionAndWorksWithoutMetadata" classname="io.github.mesteriis.rune.keyboard.smarttyping.diagnostics.DiagnosticsRecorderTest" time="0.001"/>
  <testcase name="storedConsentLoadsAfterEarlySessionButCannotAdoptThatSessionsContext" classname="io.github.mesteriis.rune.keyboard.smarttyping.diagnostics.DiagnosticsRecorderTest" time="0.0"/>
  <testcase name="metadataNeverInvokesPayloadAndTextDisableClosesAdmissionImmediately" classname="io.github.mesteriis.rune.keyboard.smarttyping.diagnostics.DiagnosticsRecorderTest" time="0.001"/>
  <testcase name="deleteInvalidatesQueuedRecordsAndAcknowledgesOnlyAfterIo" classname="io.github.mesteriis.rune.keyboard.smarttyping.diagnostics.DiagnosticsRecorderTest" time="0.058"/>
  <testcase name="staleExportPickerTicketsNeverOpenDestination" classname="io.github.mesteriis.rune.keyboard.smarttyping.diagnostics.DiagnosticsRecorderTest" time="0.0"/>
  <testcase name="ineligibleTransitionDropsQueuedPermittedPayloadBeforeWriterAdmission" classname="io.github.mesteriis.rune.keyboard.smarttyping.diagnostics.DiagnosticsRecorderTest" time="0.001"/>
  <testcase name="failedDurableReconciliationNeverAcknowledgesStopAsSuccessfulAndCanBeRetried" classname="io.github.mesteriis.rune.keyboard.smarttyping.diagnostics.DiagnosticsRecorderTest" time="0.0"/>
  <testcase name="consentRequiresBothStepsAndRejectsCancellationReplayAndStaleGeneration" classname="io.github.mesteriis.rune.keyboard.smarttyping.diagnostics.DiagnosticsRecorderTest" time="0.0"/>
  <testcase name="blockedDocumentProviderCannotDelayManagedStopOrDelete" classname="io.github.mesteriis.rune.keyboard.smarttyping.diagnostics.DiagnosticsRecorderTest" time="0.001"/>
  <testcase name="supersededQueuedAndInflightEnableCannotLeaveDurableEnableAtFailureAcknowledgement" classname="io.github.mesteriis.rune.keyboard.smarttyping.diagnostics.DiagnosticsRecorderTest" time="0.001"/>
  <testcase name="observerAndStorageFailuresAreContained" classname="io.github.mesteriis.rune.keyboard.smarttyping.diagnostics.DiagnosticsRecorderTest" time="0.001"/>
  <testcase name="reconciledFailureIsNotRetriedAsADifferentSuccessfulPreferenceCommand" classname="io.github.mesteriis.rune.keyboard.smarttyping.diagnostics.DiagnosticsRecorderTest" time="0.0"/>
  <testcase name="confirmedPreferenceSaveSurvivesQueuedAndInflightSessionChangesWithoutAdoptingContext" classname="io.github.mesteriis.rune.keyboard.smarttyping.diagnostics.DiagnosticsRecorderTest" time="0.001"/>
  <testcase name="fullEventQueueCannotStarveStopAndStopAcknowledgesAfterInflightIo" classname="io.github.mesteriis.rune.keyboard.smarttyping.diagnostics.DiagnosticsRecorderTest" time="0.065"/>
  <testcase name="malformedValuesFailClosedIndependently" classname="io.github.mesteriis.rune.keyboard.smarttyping.diagnostics.DiagnosticsRecorderTest" time="0.0"/>
  <system-out><![CDATA[]]></system-out>
  <system-err><![CDATA[]]></system-err>
</testsuite>
