<?xml version="1.0" encoding="UTF-8"?>
<testsuite name="io.github.mesteriis.rune.keyboard.ime.gesture.BackspaceRepeatScheduleTest" tests="3" skipped="0" failures="0" errors="0" timestamp="2026-09-06T15:25:52.651Z" hostname="Mac.dlink" time="0.001">
  <properties/>
  <testcase name="the interval never grows" classname="io.github.mesteriis.rune.keyboard.ime.gesture.BackspaceRepeatScheduleTest" time="0.001"/>
  <testcase name="holding longer accelerates in two steps" classname="io.github.mesteriis.rune.keyboard.ime.gesture.BackspaceRepeatScheduleTest" time="0.0"/>
  <testcase name="the first repeats keep the precise interval" classname="io.github.mesteriis.rune.keyboard.ime.gesture.BackspaceRepeatScheduleTest" time="0.0"/>
  <system-out><![CDATA[]]></system-out>
  <system-err><![CDATA[]]></system-err>
</testsuite>
