<?xml version="1.0" encoding="UTF-8"?>
<testsuite name="io.github.mesteriis.rune.keyboard.smarttyping.lexicon.CandidateGeneratorOracleTest" tests="2" skipped="0" failures="0" errors="0" timestamp="2026-09-06T15:25:54.415Z" hostname="Mac.dlink" time="0.112">
  <properties/>
  <testcase name="complete outputs match full weighted routing oracle in either enumeration order" classname="io.github.mesteriis.rune.keyboard.smarttyping.lexicon.CandidateGeneratorOracleTest" time="0.107"/>
  <testcase name="radius two completion matches whole weighted edit graph rather than unit ordered prefix" classname="io.github.mesteriis.rune.keyboard.smarttyping.lexicon.CandidateGeneratorOracleTest" time="0.005"/>
  <system-out><![CDATA[]]></system-out>
  <system-err><![CDATA[]]></system-err>
</testsuite>
