<?xml version="1.0" encoding="UTF-8"?>
<testsuite name="io.github.mesteriis.rune.keyboard.intelligence.model.ModelSnapshotTest" tests="1" skipped="0" failures="0" errors="0" timestamp="2026-09-06T15:25:53.943Z" hostname="Mac.dlink" time="0.001">
  <properties/>
  <testcase name="failedUpdateDoesNotHideActiveModel" classname="io.github.mesteriis.rune.keyboard.intelligence.model.ModelSnapshotTest" time="0.001"/>
  <system-out><![CDATA[]]></system-out>
  <system-err><![CDATA[]]></system-err>
</testsuite>
