<?xml version="1.0" encoding="UTF-8"?>
<testsuite name="io.github.mesteriis.rune.keyboard.intelligence.delivery.GgufMetadataReaderTest" tests="3" skipped="0" failures="0" errors="0" timestamp="2026-09-06T15:25:52.701Z" hostname="Mac.dlink" time="0.005">
  <properties/>
  <testcase name="rejectsWrongVersionArchitectureFileTypeAndTruncation" classname="io.github.mesteriis.rune.keyboard.intelligence.delivery.GgufMetadataReaderTest" time="0.001"/>
  <testcase name="acceptsLargeTokenizerMetadataArrays" classname="io.github.mesteriis.rune.keyboard.intelligence.delivery.GgufMetadataReaderTest" time="0.004"/>
  <testcase name="readsRequiredQwen3Q4KmMetadata" classname="io.github.mesteriis.rune.keyboard.intelligence.delivery.GgufMetadataReaderTest" time="0.0"/>
  <system-out><![CDATA[]]></system-out>
  <system-err><![CDATA[]]></system-err>
</testsuite>
