<?xml version="1.0" encoding="UTF-8"?>
<testsuite name="io.github.mesteriis.rune.keyboard.smarttyping.diagnostics.DiagnosticsStorageTest" tests="2" skipped="0" failures="0" errors="0" timestamp="2026-09-06T15:25:54.256Z" hostname="Mac.dlink" time="0.049">
  <properties/>
  <testcase name="rejectsOversizeAppendAndNeverReadsAnOversizeManagedFile" classname="io.github.mesteriis.rune.keyboard.smarttyping.diagnostics.DiagnosticsStorageTest" time="0.002"/>
  <testcase name="rotatesWithinEachStreamCapAndKeepsOtherFilesUntouched" classname="io.github.mesteriis.rune.keyboard.smarttyping.diagnostics.DiagnosticsStorageTest" time="0.047"/>
  <system-out><![CDATA[]]></system-out>
  <system-err><![CDATA[]]></system-err>
</testsuite>
