<?xml version="1.0" encoding="UTF-8"?>
<testsuite name="io.github.mesteriis.rune.keyboard.intelligence.readiness.ActiveModelReadinessTest" tests="7" skipped="0" failures="0" errors="0" timestamp="2026-09-06T15:25:53.946Z" hostname="Mac.dlink" time="0.004">
  <properties/>
  <testcase name="unknownOnlyRetriesOnExplicitDemandAndBrokenNeedsNewActiveEdge" classname="io.github.mesteriis.rune.keyboard.intelligence.readiness.ActiveModelReadinessTest" time="0.002"/>
  <testcase name="repeatedActiveDemandCoalescesAndReadyIsNotPolled" classname="io.github.mesteriis.rune.keyboard.intelligence.readiness.ActiveModelReadinessTest" time="0.0"/>
  <testcase name="throwingProbeBecomesBrokenAndCloseDiscardsQueuedResult" classname="io.github.mesteriis.rune.keyboard.intelligence.readiness.ActiveModelReadinessTest" time="0.001"/>
  <testcase name="inactiveSourceDoesNotCreateWorkerOrProbe" classname="io.github.mesteriis.rune.keyboard.intelligence.readiness.ActiveModelReadinessTest" time="0.0"/>
  <testcase name="closeDoesNotWaitForBlockedProbeAndCancellationIsVisible" classname="io.github.mesteriis.rune.keyboard.intelligence.readiness.ActiveModelReadinessTest" time="0.0"/>
  <testcase name="obsoleteOwnerCallbackCannotOverwriteNextSession" classname="io.github.mesteriis.rune.keyboard.intelligence.readiness.ActiveModelReadinessTest" time="0.0"/>
  <testcase name="completionAfterSessionEndCannotRestoreReady" classname="io.github.mesteriis.rune.keyboard.intelligence.readiness.ActiveModelReadinessTest" time="0.001"/>
  <system-out><![CDATA[]]></system-out>
  <system-err><![CDATA[]]></system-err>
</testsuite>
