<?xml version="1.0" encoding="UTF-8"?>
<testsuite name="io.github.mesteriis.rune.keyboard.settings.ThemeOverrideTest" tests="2" skipped="0" failures="0" errors="0" timestamp="2026-09-06T15:25:53.978Z" hostname="Mac.dlink" time="0.0">
  <properties/>
  <testcase name="following the system means no override" classname="io.github.mesteriis.rune.keyboard.settings.ThemeOverrideTest" time="0.0"/>
  <testcase name="explicit themes force a night mode" classname="io.github.mesteriis.rune.keyboard.settings.ThemeOverrideTest" time="0.0"/>
  <system-out><![CDATA[]]></system-out>
  <system-err><![CDATA[]]></system-err>
</testsuite>
