<?xml version="1.0" encoding="UTF-8"?>
<testsuite name="io.github.mesteriis.rune.keyboard.smarttyping.lexicon.LazyPackedLexiconsTest" tests="14" skipped="0" failures="0" errors="0" timestamp="2026-09-06T15:25:54.580Z" hostname="Mac.dlink" time="0.023">
  <properties/>
  <testcase name="existingReadySurvivesInvalidationAndLaterPublicationOnTheSameBridge" classname="io.github.mesteriis.rune.keyboard.smarttyping.lexicon.LazyPackedLexiconsTest" time="0.002"/>
  <testcase name="wrongThreadMutationAndUnexpectedWorkerFailureAreContentFree" classname="io.github.mesteriis.rune.keyboard.smarttyping.lexicon.LazyPackedLexiconsTest" time="0.0"/>
  <testcase name="constructionAndProtectedRouteNeverStartLoading" classname="io.github.mesteriis.rune.keyboard.smarttyping.lexicon.LazyPackedLexiconsTest" time="0.0"/>
  <testcase name="closeIsNonjoiningRejectsLateReadyAndStopsAnyFurtherDemand" classname="io.github.mesteriis.rune.keyboard.smarttyping.lexicon.LazyPackedLexiconsTest" time="0.001"/>
  <testcase name="rejectedThreadStartStopsWithoutRetryOrPayload" classname="io.github.mesteriis.rune.keyboard.smarttyping.lexicon.LazyPackedLexiconsTest" time="0.0"/>
  <testcase name="sameLanguageCanBeRequestedAgainAfterInvalidationWithoutObsoletePublication" classname="io.github.mesteriis.rune.keyboard.smarttyping.lexicon.LazyPackedLexiconsTest" time="0.001"/>
  <testcase name="approvedRouterRequestsOnlySpanishOrRussianForStrongEvidence" classname="io.github.mesteriis.rune.keyboard.smarttyping.lexicon.LazyPackedLexiconsTest" time="0.001"/>
  <testcase name="failuresAndWrongLanguageNeverPublishOrRetryWithinLifetime" classname="io.github.mesteriis.rune.keyboard.smarttyping.lexicon.LazyPackedLexiconsTest" time="0.001"/>
  <testcase name="bridgeDoesNotRetainQueryControlOrVisitorWhileLoaderRemainsIdle" classname="io.github.mesteriis.rune.keyboard.smarttyping.lexicon.LazyPackedLexiconsTest" time="0.008"/>
  <testcase name="invalidationDropsPendingAndRejectsLateReadyEvenIfSourceIgnoresInterrupt" classname="io.github.mesteriis.rune.keyboard.smarttyping.lexicon.LazyPackedLexiconsTest" time="0.0"/>
  <testcase name="recoverableAndInterruptedLoadsAreRedactedAndDoNotPoisonNextLanguage" classname="io.github.mesteriis.rune.keyboard.smarttyping.lexicon.LazyPackedLexiconsTest" time="0.001"/>
  <testcase name="closedOwnerAndSourceCanBeCollectedWithLoaderAndBridgeStillRetained" classname="io.github.mesteriis.rune.keyboard.smarttyping.lexicon.LazyPackedLexiconsTest" time="0.006"/>
  <testcase name="coalescesSerialEnumDemandAndRequiresBothRoutesReady" classname="io.github.mesteriis.rune.keyboard.smarttyping.lexicon.LazyPackedLexiconsTest" time="0.001"/>
  <testcase name="bridgePreservesSharedAccountingVisitorStopAndCancellation" classname="io.github.mesteriis.rune.keyboard.smarttyping.lexicon.LazyPackedLexiconsTest" time="0.001"/>
  <system-out><![CDATA[]]></system-out>
  <system-err><![CDATA[]]></system-err>
</testsuite>
