<?xml version="1.0" encoding="UTF-8"?>
<testsuite name="io.github.mesteriis.rune.keyboard.settings.ContextualAvailabilityTest" tests="1" skipped="0" failures="0" errors="0" timestamp="2026-09-06T15:25:53.967Z" hostname="Mac.dlink" time="0.0">
  <properties/>
  <testcase name="preference and effective model availability stay independent" classname="io.github.mesteriis.rune.keyboard.settings.ContextualAvailabilityTest" time="0.0"/>
  <system-out><![CDATA[]]></system-out>
  <system-err><![CDATA[]]></system-err>
</testsuite>
