<?xml version="1.0" encoding="UTF-8"?>
<testsuite name="io.github.mesteriis.rune.keyboard.intelligence.client.ModelDemandTest" tests="2" skipped="0" failures="0" errors="0" timestamp="2026-09-06T15:25:52.681Z" hostname="Mac.dlink" time="0.001">
  <properties/>
  <testcase name="demandRequiresEverySessionGateReadyAndAnImplementedConsumer" classname="io.github.mesteriis.rune.keyboard.intelligence.client.ModelDemandTest" time="0.001"/>
  <testcase name="readyAndStoredPreferencesWithoutImplementedConsumersRemainDisabled" classname="io.github.mesteriis.rune.keyboard.intelligence.client.ModelDemandTest" time="0.0"/>
  <system-out><![CDATA[]]></system-out>
  <system-err><![CDATA[]]></system-err>
</testsuite>
