<?xml version="1.0" encoding="UTF-8"?>
<testsuite name="io.github.mesteriis.rune.keyboard.ime.model.KeyboardSessionPolicyTest" tests="7" skipped="0" failures="0" errors="0" timestamp="2026-09-06T15:25:52.675Z" hostname="Mac.dlink" time="0.001">
  <properties/>
  <testcase name="restarting still picks up changed settings" classname="io.github.mesteriis.rune.keyboard.ime.model.KeyboardSessionPolicyTest" time="0.001"/>
  <testcase name="restarting the same editor keeps caps lock, layer and language" classname="io.github.mesteriis.rune.keyboard.ime.model.KeyboardSessionPolicyTest" time="0.0"/>
  <testcase name="a fixed starting language wins over the last used one" classname="io.github.mesteriis.rune.keyboard.ime.model.KeyboardSessionPolicyTest" time="0.0"/>
  <testcase name="a new editor resets shift and layer" classname="io.github.mesteriis.rune.keyboard.ime.model.KeyboardSessionPolicyTest" time="0.0"/>
  <testcase name="a disabled starting language falls back to the first enabled one" classname="io.github.mesteriis.rune.keyboard.ime.model.KeyboardSessionPolicyTest" time="0.0"/>
  <testcase name="an unknown last used language falls back to the first enabled one" classname="io.github.mesteriis.rune.keyboard.ime.model.KeyboardSessionPolicyTest" time="0.0"/>
  <testcase name="last used is the default starting language" classname="io.github.mesteriis.rune.keyboard.ime.model.KeyboardSessionPolicyTest" time="0.0"/>
  <system-out><![CDATA[]]></system-out>
  <system-err><![CDATA[]]></system-err>
</testsuite>
