<?xml version="1.0" encoding="UTF-8"?>
<testsuite name="io.github.mesteriis.rune.keyboard.intelligence.inference.ModelDutyOwnerTest" tests="8" skipped="0" failures="0" errors="0" timestamp="2026-09-06T15:25:52.829Z" hostname="Mac.dlink" time="0.003">
  <properties/>
  <testcase name="overflowSaturatesWithoutWrappingOrGrantingCredit" classname="io.github.mesteriis.rune.keyboard.intelligence.inference.ModelDutyOwnerTest" time="0.001"/>
  <testcase name="backwardNegativeAndThrowingSamplesPermanentlyFaultWithoutNewBaseline" classname="io.github.mesteriis.rune.keyboard.intelligence.inference.ModelDutyOwnerTest" time="0.0"/>
  <testcase name="fractionalRefillDoesNotDependOnFiftyMillisecondSubdivisions" classname="io.github.mesteriis.rune.keyboard.intelligence.inference.ModelDutyOwnerTest" time="0.002"/>
  <testcase name="pressureRequiresRealUnbindBindAndLaterPressureWins" classname="io.github.mesteriis.rune.keyboard.intelligence.inference.ModelDutyOwnerTest" time="0.0"/>
  <testcase name="debtIsNotForgivenAndRefillNeverExceedsCapacity" classname="io.github.mesteriis.rune.keyboard.intelligence.inference.ModelDutyOwnerTest" time="0.0"/>
  <testcase name="leaseSpansWarmIdleAndRecreationWithoutResettingCredit" classname="io.github.mesteriis.rune.keyboard.intelligence.inference.ModelDutyOwnerTest" time="0.0"/>
  <testcase name="idleRefillThenCpuDebitHasExactAdmissionBoundary" classname="io.github.mesteriis.rune.keyboard.intelligence.inference.ModelDutyOwnerTest" time="0.0"/>
  <testcase name="initialClockFailureDoesNotGrantANewBaselineOnRecovery" classname="io.github.mesteriis.rune.keyboard.intelligence.inference.ModelDutyOwnerTest" time="0.0"/>
  <system-out><![CDATA[]]></system-out>
  <system-err><![CDATA[]]></system-err>
</testsuite>
