<?xml version="1.0" encoding="UTF-8"?>
<testsuite name="io.github.mesteriis.rune.keyboard.intelligence.model.ModelManifestParserTest" tests="5" skipped="0" failures="0" errors="0" timestamp="2026-09-06T15:25:53.939Z" hostname="Mac.dlink" time="0.004">
  <properties/>
  <testcase name="parsesStrictSchemaV1" classname="io.github.mesteriis.rune.keyboard.intelligence.model.ModelManifestParserTest" time="0.0"/>
  <testcase name="parsesImmutableHuggingFaceCommitUrl" classname="io.github.mesteriis.rune.keyboard.intelligence.model.ModelManifestParserTest" time="0.001"/>
  <testcase name="rejectsUnknownDuplicateAndUnsafeFields" classname="io.github.mesteriis.rune.keyboard.intelligence.model.ModelManifestParserTest" time="0.001"/>
  <testcase name="rejectsMovingOrIndirectHuggingFaceUrls" classname="io.github.mesteriis.rune.keyboard.intelligence.model.ModelManifestParserTest" time="0.001"/>
  <testcase name="rejectsWrongRuntimeHashSizeAndHost" classname="io.github.mesteriis.rune.keyboard.intelligence.model.ModelManifestParserTest" time="0.001"/>
  <system-out><![CDATA[]]></system-out>
  <system-err><![CDATA[]]></system-err>
</testsuite>
