<?xml version="1.0" encoding="UTF-8"?>
<testsuite name="io.github.mesteriis.rune.keyboard.settings.SizeBucketTest" tests="3" skipped="0" failures="0" errors="0" timestamp="2026-09-06T15:25:53.978Z" hostname="Mac.dlink" time="0.0">
  <properties/>
  <testcase name="the boundary matches the resource qualifier" classname="io.github.mesteriis.rune.keyboard.settings.SizeBucketTest" time="0.0"/>
  <testcase name="the cover screen covers everything below the inner-screen width" classname="io.github.mesteriis.rune.keyboard.settings.SizeBucketTest" time="0.0"/>
  <testcase name="the unfolded screen keeps its own orientation buckets" classname="io.github.mesteriis.rune.keyboard.settings.SizeBucketTest" time="0.0"/>
  <system-out><![CDATA[]]></system-out>
  <system-err><![CDATA[]]></system-err>
</testsuite>
