<?xml version="1.0" encoding="UTF-8"?>
<testsuite name="io.github.mesteriis.rune.keyboard.intelligence.delivery.StorageRequirementTest" tests="2" skipped="0" failures="0" errors="0" timestamp="2026-09-06T15:25:52.825Z" hostname="Mac.dlink" time="0.0">
  <properties/>
  <testcase name="appliesSameAndDifferentVolumePolicies" classname="io.github.mesteriis.rune.keyboard.intelligence.delivery.StorageRequirementTest" time="0.0"/>
  <testcase name="rejectsNonPositiveAndOverflowingSizes" classname="io.github.mesteriis.rune.keyboard.intelligence.delivery.StorageRequirementTest" time="0.0"/>
  <system-out><![CDATA[]]></system-out>
  <system-err><![CDATA[]]></system-err>
</testsuite>
